<?xml version="1.0" encoding="UTF-8"?>
<!-- Generated by org.testng.reporters.JUnitReportReporter -->
<testsuite hostname="Murugan" name="mrgn.testcase.MyFirstTest" tests="1" failures="0" timestamp="2 Jul 2019 02:47:20 GMT" time="12.013" errors="0">
  <testcase name="facebookSignUp" time="12.013" classname="mrgn.testcase.MyFirstTest"/>
</testsuite> <!-- mrgn.testcase.MyFirstTest -->
